<?xml version="1.0" encoding="UTF-8"?>
<!-- Generated by org.testng.reporters.JUnitReportReporter -->
<testsuite hostname="THB-ARG-455.local" failures="0" tests="1" name="testngTestFiles.TestAddProduct" time="3.535" errors="0" timestamp="2021-10-10T22:57:59 TRT" skipped="0">
  <testcase classname="testngTestFiles.TestAddProduct" name="goPage" time="3.535"/>
  <system-out/>
</testsuite> <!-- testngTestFiles.TestAddProduct -->
